{
  "RSpec": {
    "coverage": {
      "C:/Code/epi/ruby/rails/active_record/spec/features/create_user_spec.rb": [
        1,
        null,
        null,
        1,
        null,
        1,
        2,
        4,
        null,
        null,
        1,
        1,
        1,
        1,
        1,
        1,
        1,
        1,
        null,
        null,
        1,
        1,
        1,
        1,
        1,
        1,
        1,
        null,
        null,
        null
      ],
      "C:/Code/epi/ruby/rails/active_record/spec/rails_helper.rb": [
        null,
        1,
        1,
        null,
        1,
        null,
        null,
        1,
        1,
        1,
        null,
        null,
        null,
        null,
        null,
        null,
        null,
        null,
        null,
        null,
        null,
        null,
        null,
        null,
        null,
        null,
        null,
        null,
        null,
        null,
        1,
        null,
        0,
        0,
        null,
        1,
        null,
        1,
        null,
        null,
        null,
        null,
        1,
        null,
        null,
        null,
        null,
        null,
        null,
        null,
        null,
        null,
        null,
        null,
        null,
        null,
        null,
        1,
        null,
        null,
        1,
        null,
        null,
        null,
        null,
        1,
        1,
        1,
        1,
        null,
        null
      ],
      "C:/Code/epi/ruby/rails/active_record/config/environment.rb": [
        null,
        1,
        null,
        null,
        1
      ],
      "C:/Code/epi/ruby/rails/active_record/config/application.rb": [
        1,
        null,
        1,
        null,
        1,
        1,
        1,
        1,
        1,
        1,
        1,
        1,
        1,
        null,
        null,
        null,
        null,
        1,
        null,
        1,
        1,
        null,
        1,
        null,
        null,
        null,
        null,
        null,
        null,
        null,
        1,
        null,
        null
      ],
      "C:/Code/epi/ruby/rails/active_record/config/boot.rb": [
        1,
        null,
        1,
        1
      ],
      "C:/Code/epi/ruby/rails/active_record/config/environments/test.rb": [
        1,
        null,
        null,
        null,
        null,
        null,
        null,
        1,
        null,
        null,
        null,
        null,
        1,
        null,
        null,
        1,
        1,
        null,
        null,
        null,
        null,
        1,
        1,
        null,
        null,
        1,
        null,
        null,
        1,
        null,
        null,
        1,
        null,
        1,
        null,
        null,
        null,
        null,
        1,
        null,
        null,
        1,
        null,
        null,
        null,
        null
      ],
      "C:/Code/epi/ruby/rails/active_record/config/initializers/application_controller_renderer.rb": [
        null,
        null,
        null,
        null,
        null,
        null,
        null,
        null
      ],
      "C:/Code/epi/ruby/rails/active_record/config/initializers/assets.rb": [
        null,
        null,
        null,
        1,
        null,
        null,
        null,
        null,
        1,
        null,
        null,
        null,
        null,
        null
      ],
      "C:/Code/epi/ruby/rails/active_record/config/initializers/backtrace_silencers.rb": [
        null,
        null,
        null,
        null,
        null,
        null,
        null
      ],
      "C:/Code/epi/ruby/rails/active_record/config/initializers/content_security_policy.rb": [
        null,
        null,
        null,
        null,
        null,
        null,
        null,
        null,
        null,
        null,
        null,
        null,
        null,
        null,
        null,
        null,
        null,
        null,
        null,
        null,
        null,
        null,
        null,
        null,
        null
      ],
      "C:/Code/epi/ruby/rails/active_record/config/initializers/cookies_serializer.rb": [
        null,
        null,
        null,
        null,
        1
      ],
      "C:/Code/epi/ruby/rails/active_record/config/initializers/filter_parameter_logging.rb": [
        null,
        null,
        null,
        1
      ],
      "C:/Code/epi/ruby/rails/active_record/config/initializers/inflections.rb": [
        null,
        null,
        null,
        null,
        null,
        null,
        null,
        null,
        null,
        null,
        null,
        null,
        null,
        null,
        null,
        null
      ],
      "C:/Code/epi/ruby/rails/active_record/config/initializers/mime_types.rb": [
        null,
        null,
        null,
        null
      ],
      "C:/Code/epi/ruby/rails/active_record/config/initializers/wrap_parameters.rb": [
        null,
        null,
        null,
        null,
        null,
        null,
        1,
        1,
        null,
        null,
        null,
        null,
        null,
        null
      ],
      "C:/Code/epi/ruby/rails/active_record/app/channels/application_cable/channel.rb": [
        1,
        1,
        null,
        null
      ],
      "C:/Code/epi/ruby/rails/active_record/app/channels/application_cable/connection.rb": [
        1,
        1,
        null,
        null
      ],
      "C:/Code/epi/ruby/rails/active_record/app/controllers/application_controller.rb": [
        1,
        1,
        1,
        null,
        1,
        191,
        171,
        null,
        null,
        null,
        1,
        20,
        1,
        1,
        null,
        null,
        null,
        1,
        13,
        13,
        1,
        1,
        null,
        null,
        null,
        null
      ],
      "C:/Code/epi/ruby/rails/active_record/app/helpers/application_helper.rb": [
        1,
        null
      ],
      "C:/Code/epi/ruby/rails/active_record/app/controllers/products_controller.rb": [
        1,
        1,
        1,
        1,
        null,
        1,
        16,
        16,
        16,
        null,
        null,
        1,
        10,
        10,
        5,
        null,
        1,
        null,
        1,
        null,
        1,
        null,
        1,
        null,
        1,
        1,
        null,
        null,
        null,
        10,
        2,
        2,
        1,
        null,
        1,
        null,
        null,
        10,
        null,
        null,
        1,
        2,
        2,
        null,
        null,
        1,
        2,
        2,
        1,
        1,
        null,
        1,
        null,
        null,
        null,
        1,
        2,
        2,
        null,
        null,
        1,
        5,
        5,
        5,
        null,
        null,
        1,
        2,
        2,
        1,
        1,
        null,
        1,
        null,
        null,
        null,
        1,
        0,
        0,
        0,
        null,
        null,
        null,
        1,
        1,
        4,
        null,
        null
      ],
      "C:/Code/epi/ruby/rails/active_record/app/controllers/reviews_controller.rb": [
        1,
        1,
        1,
        1,
        null,
        1,
        3,
        3,
        3,
        null,
        null,
        1,
        3,
        3,
        3,
        2,
        2,
        null,
        1,
        null,
        null,
        null,
        1,
        3,
        3,
        3,
        null,
        null,
        1,
        2,
        2,
        2,
        null,
        null,
        1,
        2,
        2,
        1,
        1,
        null,
        1,
        1,
        null,
        null,
        null,
        1,
        0,
        0,
        0,
        null,
        null,
        1,
        1,
        5,
        null,
        null
      ],
      "C:/Code/epi/ruby/rails/active_record/app/controllers/sessions_controller.rb": [
        1,
        1,
        4,
        4,
        3,
        3,
        3,
        null,
        1,
        1,
        null,
        null,
        null,
        1,
        1,
        1,
        1,
        null,
        null
      ],
      "C:/Code/epi/ruby/rails/active_record/app/controllers/users_controller.rb": [
        1,
        null,
        1,
        12,
        null,
        null,
        1,
        11,
        11,
        10,
        10,
        10,
        null,
        1,
        1,
        null,
        null,
        null,
        1,
        null,
        1,
        11,
        null,
        null
      ],
      "C:/Code/epi/ruby/rails/active_record/app/jobs/application_job.rb": [
        1,
        null
      ],
      "C:/Code/epi/ruby/rails/active_record/app/mailers/application_mailer.rb": [
        1,
        1,
        1,
        null
      ],
      "C:/Code/epi/ruby/rails/active_record/app/models/application_record.rb": [
        1,
        1,
        null
      ],
      "C:/Code/epi/ruby/rails/active_record/app/models/product.rb": [
        1,
        1,
        1,
        null,
        1,
        null,
        1,
        17,
        null,
        null,
        null,
        null,
        null,
        null,
        17,
        null,
        1,
        2,
        null,
        null,
        2,
        null,
        1,
        1,
        null,
        null,
        null,
        null,
        null,
        2,
        null,
        2,
        null,
        2,
        null,
        2,
        null,
        1,
        67,
        100,
        35,
        null,
        32,
        null,
        null,
        null,
        1,
        1,
        20,
        20,
        null,
        null,
        null
      ],
      "C:/Code/epi/ruby/rails/active_record/app/models/review.rb": [
        1,
        1,
        1,
        1,
        1,
        null,
        1,
        null,
        1,
        1,
        21,
        39,
        null,
        null,
        null
      ],
      "C:/Code/epi/ruby/rails/active_record/app/models/user.rb": [
        1,
        1,
        1,
        1,
        1,
        null,
        1,
        21,
        21,
        null,
        null,
        1,
        5,
        5,
        4,
        null,
        null,
        null,
        null,
        null
      ],
      "C:/Code/epi/ruby/rails/active_record/config/routes.rb": [
        1,
        null,
        1,
        1,
        1,
        null,
        1,
        1,
        null,
        1,
        1,
        1,
        null
      ],
      "C:/Code/epi/ruby/rails/active_record/spec/features/product_pages_spec.rb": [
        1,
        null,
        null,
        1,
        null,
        1,
        1,
        5,
        1,
        null,
        null,
        null,
        null,
        1,
        1,
        null,
        null,
        null,
        null,
        1,
        1,
        null,
        null,
        null,
        null,
        1,
        1,
        null,
        null,
        null,
        null,
        1,
        null,
        null,
        1,
        5,
        10,
        5,
        5,
        5,
        5,
        5,
        5,
        null,
        null,
        1,
        1,
        1,
        1,
        1,
        1,
        1,
        1,
        null,
        null,
        1,
        1,
        1,
        1,
        1,
        1,
        null,
        null,
        1,
        1,
        1,
        1,
        1,
        1,
        null,
        null,
        1,
        1,
        1,
        1,
        1,
        1,
        null,
        null,
        1,
        1,
        1,
        1,
        1,
        1,
        1,
        1,
        1,
        1,
        null,
        null,
        null,
        null
      ],
      "C:/Code/epi/ruby/rails/active_record/spec/features/review_pages_spec.rb": [
        1,
        null,
        null,
        1,
        null,
        1,
        4,
        8,
        4,
        4,
        4,
        4,
        4,
        4,
        4,
        12,
        4,
        null,
        null,
        null,
        null,
        4,
        4,
        null,
        null,
        null,
        null,
        4,
        4,
        null,
        null,
        null,
        null,
        4,
        4,
        null,
        null,
        null,
        null,
        4,
        null,
        null,
        1,
        1,
        1,
        1,
        1,
        1,
        1,
        1,
        null,
        null,
        1,
        1,
        1,
        1,
        1,
        1,
        null,
        null,
        1,
        1,
        1,
        1,
        1,
        1,
        1,
        1,
        1,
        1,
        1,
        1,
        null,
        null,
        1,
        1,
        1,
        1,
        1,
        1,
        null,
        null
      ],
      "C:/Code/epi/ruby/rails/active_record/spec/features/session_spec.rb": [
        1,
        null,
        null,
        1,
        null,
        1,
        5,
        10,
        5,
        null,
        null,
        null,
        null,
        null,
        5,
        null,
        null,
        null,
        null,
        null,
        5,
        5,
        5,
        null,
        null,
        null,
        null,
        5,
        5,
        null,
        null,
        null,
        null,
        5,
        null,
        null,
        1,
        1,
        1,
        1,
        1,
        1,
        null,
        null,
        1,
        1,
        1,
        1,
        1,
        1,
        null,
        null,
        1,
        1,
        1,
        1,
        1,
        1,
        1,
        null,
        null,
        1,
        1,
        1,
        null,
        null,
        1,
        1,
        1,
        1,
        1,
        1,
        1,
        null,
        null,
        null
      ],
      "C:/Code/epi/ruby/rails/active_record/spec/models/product_spec.rb": [
        1,
        null,
        1,
        null,
        1,
        1,
        null,
        null,
        null,
        null,
        1,
        1,
        null,
        null,
        null,
        null,
        1,
        1,
        null,
        null,
        null,
        null,
        1,
        1,
        null,
        null,
        null,
        null,
        1,
        null,
        null,
        2,
        2,
        2,
        2,
        1,
        1,
        1,
        null,
        1,
        1,
        null,
        1,
        1,
        null,
        1,
        1,
        null,
        null,
        null
      ],
      "C:/Code/epi/ruby/rails/active_record/spec/models/review_spec.rb": [
        1,
        null,
        1,
        2,
        2,
        2,
        2,
        2,
        2,
        2,
        2,
        1,
        1,
        null,
        null,
        null,
        null,
        1,
        1,
        null,
        null,
        null,
        null,
        1,
        1,
        null,
        null
      ],
      "C:/Code/epi/ruby/rails/active_record/spec/models/user_spec.rb": [
        1,
        null,
        1,
        1,
        1,
        1,
        1,
        1,
        null,
        null
      ]
    },
    "timestamp": 1579909233
  }
}
